android/app/build/outputs/logs/manifest-merger-debug-report.txt
-- Merging decision tree log ---
manifest
ADDED from src\main\AndroidManifest.xml:1:1-32:12
MERGED from src\main\AndroidManifest.xml:1:1-32:12
INJECTED from src\debug\AndroidManifest.xml:1:1-7:12
INJECTED from src\debug\AndroidManifest.xml:1:1-7:12
INJECTED from src\debug\AndroidManifest.xml:1:1-7:12
MERGED from [:react-native-gesture-handler] AndroidManifest.xml:2:1-7:12
MERGED from [:react-native-safe-area-context] AndroidManifest.xml:2:1-7:12
MERGED from [:react-native-screens] AndroidManifest.xml:2:1-7:12
MERGED from [:react-native-async-storage_async-storage] AndroidManifest.xml:2:1-7:12
MERGED from [:react-native-community_checkbox] AndroidManifest.xml:2:1-7:12
MERGED from [:react-native-community_datetimepicker] AndroidManifest.xml:2:1-9:12
MERGED from [:react-native-community_slider] AndroidManifest.xml:2:1-7:12
MERGED from [:react-native-picker_picker] AndroidManifest.xml:2:1-7:12
MERGED from [:expo] AndroidManifest.xml:2:1-7:12
MERGED from [:react-native-svg] AndroidManifest.xml:2:1-7:12
MERGED from [:react-native-vector-icons] AndroidManifest.xml:2:1-7:12
MERGED from [:expo-modules-core] AndroidManifest.xml:2:1-18:12
MERGED from [host.exp.exponent:expo.modules.font:13.3.1] AndroidManifest.xml:2:1-7:12
MERGED from [com.facebook.react:react-android:0.77.2] AndroidManifest.xml:2:1-24:12
MERGED from [:expo-constants] AndroidManifest.xml:2:1-7:12
MERGED from [:expo-file-system] AndroidManifest.xml:2:1-33:12
MERGED from [:expo-image-loader] AndroidManifest.xml:2:1-7:12
MERGED from [host.exp.exponent:expo.modules.application:6.1.5] AndroidManifest.xml:2:1-7:12
MERGED from [expo.modules.asset:expo.modules.asset:11.1.5] AndroidManifest.xml:2:1-7:12
MERGED from [host.exp.exponent:expo.modules.crypto:14.1.5] AndroidManifest.xml:2:1-7:12
MERGED from [host.exp.exponent:expo.modules.imagepicker:16.1.4] AndroidManifest.xml:2:1-57:12
MERGED from [host.exp.exponent:expo.modules.keepawake:14.1.4] AndroidManifest.xml:2:1-7:12
MERGED from [host.exp.exponent:expo.modules.linking:7.1.7] AndroidManifest.xml:2:1-7:12
MERGED from [host.exp.exponent:expo.modules.notifications:0.31.4] AndroidManifest.xml:2:1-43:12
MERGED from [host.exp.exponent:expo.modules.sharing:13.1.5] AndroidManifest.xml:2:1-29:12
MERGED from [host.exp.exponent:expo.modules.webbrowser:14.2.0] AndroidManifest.xml:2:1-15:12
MERGED from [com.google.firebase:firebase-messaging:24.0.1] AndroidManifest.xml:17:1-66:12
MERGED from [com.google.firebase:firebase-installations:17.2.0] AndroidManifest.xml:2:1-24:12
MERGED from [com.google.firebase:firebase-common-ktx:21.0.0] AndroidManifest.xml:2:1-18:12
MERGED from [com.google.android.material:material:1.6.1] AndroidManifest.xml:17:1-26:12
MERGED from [com.vanniktech:android-image-cropper:4.6.0] AndroidManifest.xml:2:1-36:12
MERGED from [androidx.appcompat:appcompat-resources:1.7.0] AndroidManifest.xml:2:1-7:12
MERGED from [androidx.constraintlayout:constraintlayout:2.0.1] AndroidManifest.xml:2:1-11:12
MERGED from [androidx.appcompat:appcompat:1.7.0] AndroidManifest.xml:2:1-7:12
MERGED from [androidx.legacy:legacy-support-v4:1.0.0] AndroidManifest.xml:17:1-22:12
MERGED from [com.github.bumptech.glide:glide:4.16.0] AndroidManifest.xml:2:1-9:12
MERGED from [androidx.viewpager2:viewpager2:1.0.0] AndroidManifest.xml:17:1-24:12
MERGED from [com.google.android.gms:play-services-base:18.0.1] AndroidManifest.xml:16:1-24:12
MERGED from [com.google.firebase:firebase-common:21.0.0] AndroidManifest.xml:15:1-41:12
MERGED from [com.google.firebase:firebase-iid-interop:17.1.0] AndroidManifest.xml:2:1-10:12
MERGED from [com.google.firebase:firebase-measurement-connector:19.0.0] AndroidManifest.xml:17:1-25:12
MERGED from [com.google.android.gms:play-services-cloud-messaging:17.2.0] AndroidManifest.xml:2:1-13:12
MERGED from [com.google.android.gms:play-services-stats:17.0.2] AndroidManifest.xml:2:1-9:12
MERGED from [com.google.firebase:firebase-installations-interop:17.1.1] AndroidManifest.xml:15:1-19:12
MERGED from [androidx.activity:activity:1.10.0] AndroidManifest.xml:17:1-22:12
MERGED from [androidx.activity:activity-ktx:1.10.0] AndroidManifest.xml:2:1-7:12
MERGED from [androidx.savedstate:savedstate-ktx:1.2.1] AndroidManifest.xml:17:1-22:12
MERGED from [androidx.legacy:legacy-support-core-ui:1.0.0] AndroidManifest.xml:17:1-22:12
MERGED from [androidx.coordinatorlayout:coordinatorlayout:1.2.0] AndroidManifest.xml:17:1-24:12
MERGED from [androidx.swiperefreshlayout:swiperefreshlayout:1.1.0] AndroidManifest.xml:17:1-24:12
MERGED from [androidx.autofill:autofill:1.1.0] AndroidManifest.xml:17:1-24:12
MERGED from [com.facebook.fresco:animated-gif:3.4.0] AndroidManifest.xml:2:1-7:12
MERGED from [com.facebook.fresco:webpsupport:3.4.0] AndroidManifest.xml:2:1-7:12
MERGED from [com.facebook.fresco:fresco:3.4.0] AndroidManifest.xml:2:1-7:12
MERGED from [com.facebook.fresco:imagepipeline-okhttp3:3.4.0] AndroidManifest.xml:2:1-7:12
MERGED from [com.facebook.fresco:animated-base:3.4.0] AndroidManifest.xml:2:1-7:12
MERGED from [com.facebook.fresco:animated-drawable:3.4.0] AndroidManifest.xml:2:1-7:12
MERGED from [com.facebook.fresco:vito-options:3.4.0] AndroidManifest.xml:2:1-7:12
MERGED from [com.facebook.fresco:drawee:3.4.0] AndroidManifest.xml:2:1-7:12
MERGED from [com.facebook.fresco:nativeimagefilters:3.4.0] AndroidManifest.xml:2:1-7:12
MERGED from [com.facebook.fresco:memory-type-native:3.4.0] AndroidManifest.xml:2:1-7:12
MERGED from [com.facebook.fresco:memory-type-java:3.4.0] AndroidManifest.xml:2:1-7:12
MERGED from [com.facebook.fresco:imagepipeline-native:3.4.0] AndroidManifest.xml:2:1-7:12
MERGED from [com.facebook.fresco:memory-type-ashmem:3.4.0] AndroidManifest.xml:2:1-7:12
MERGED from [com.facebook.fresco:imagepipeline:3.4.0] AndroidManifest.xml:2:1-7:12
MERGED from [com.facebook.fresco:nativeimagetranscoder:3.4.0] AndroidManifest.xml:2:1-7:12
MERGED from [com.facebook.fresco:imagepipeline-base:3.4.0] AndroidManifest.xml:2:1-7:12
MERGED from [com.facebook.fresco:urimod:3.4.0] AndroidManifest.xml:2:1-7:12
MERGED from [com.facebook.fresco:vito-source:3.4.0] AndroidManifest.xml:2:1-7:12
MERGED from [com.facebook.fresco:middleware:3.4.0] AndroidManifest.xml:2:1-7:12
MERGED from [com.facebook.fresco:ui-common:3.4.0] AndroidManifest.xml:2:1-7:12
MERGED from [com.facebook.fresco:soloader:3.4.0] AndroidManifest.xml:2:1-7:12
MERGED from [com.facebook.fresco:fbcore:3.4.0] AndroidManifest.xml:2:1-7:12
MERGED from [androidx.browser:browser:1.6.0] AndroidManifest.xml:2:1-7:12
MERGED from [androidx.emoji2:emoji2-views-helper:1.3.0] AndroidManifest.xml:2:1-7:12
MERGED from [androidx.emoji2:emoji2:1.3.0] AndroidManifest.xml:17:1-35:12
MERGED from [androidx.drawerlayout:drawerlayout:1.1.1] AndroidManifest.xml:17:1-24:12
MERGED from [androidx.dynamicanimation:dynamicanimation:1.0.0] AndroidManifest.xml:17:1-22:12
MERGED from [androidx.transition:transition:1.2.0] AndroidManifest.xml:17:1-24:12
MERGED from [androidx.vectordrawable:vectordrawable-animated:1.1.0] AndroidManifest.xml:17:1-24:12
MERGED from [androidx.vectordrawable:vectordrawable:1.1.0] AndroidManifest.xml:17:1-24:12
MERGED from [androidx.media:media:1.0.0] AndroidManifest.xml:17:1-22:12
MERGED from [androidx.legacy:legacy-support-core-utils:1.0.0] AndroidManifest.xml:17:1-22:12
MERGED from [androidx.loader:loader:1.0.0] AndroidManifest.xml:17:1-22:12
MERGED from [androidx.viewpager:viewpager:1.0.0] AndroidManifest.xml:17:1-22:12
MERGED from [androidx.recyclerview:recyclerview:1.1.0] AndroidManifest.xml:17:1-24:12
MERGED from [androidx.slidingpanelayout:slidingpanelayout:1.0.0] AndroidManifest.xml:17:1-22:12
MERGED from [androidx.customview:customview:1.1.0] AndroidManifest.xml:17:1-24:12
MERGED from [androidx.asynclayoutinflater:asynclayoutinflater:1.0.0] AndroidManifest.xml:17:1-22:12
MERGED from [androidx.core:core:1.16.0] AndroidManifest.xml:17:1-30:12
MERGED from [androidx.lifecycle:lifecycle-livedata:2.6.2] AndroidManifest.xml:17:1-22:12
MERGED from [androidx.lifecycle:lifecycle-viewmodel-ktx:2.6.2] AndroidManifest.xml:17:1-22:12
MERGED from [androidx.lifecycle:lifecycle-viewmodel:2.6.2] AndroidManifest.xml:17:1-22:12
MERGED from [androidx.lifecycle:lifecycle-runtime-ktx:2.6.2] AndroidManifest.xml:17:1-22:12
MERGED from [androidx.lifecycle:lifecycle-process:2.6.2] AndroidManifest.xml:17:1-35:12
MERGED from [androidx.lifecycle:lifecycle-livedata-core-ktx:2.6.2] AndroidManifest.xml:17:1-22:12
MERGED from [androidx.lifecycle:lifecycle-livedata-core:2.6.2] AndroidManifest.xml:17:1-22:12
MERGED from [androidx.lifecycle:lifecycle-runtime:2.6.2] AndroidManifest.xml:2:1-7:12
MERGED from [androidx.lifecycle:lifecycle-viewmodel-savedstate:2.6.2] AndroidManifest.xml:17:1-22:12
MERGED from [androidx.savedstate:savedstate:1.2.1] AndroidManifest.xml:17:1-22:12
MERGED from [com.google.android.gms:play-services-tasks:18.1.0] AndroidManifest.xml:2:1-6:12
MERGED from [com.google.android.gms:play-services-basement:18.3.0] AndroidManifest.xml:16:1-26:12
MERGED from [androidx.fragment:fragment:1.6.1] AndroidManifest.xml:17:1-22:12
MERGED from [androidx.fragment:fragment-ktx:1.6.1] AndroidManifest.xml:17:1-22:12
MERGED from [androidx.core:core-ktx:1.16.0] AndroidManifest.xml:2:1-7:12
MERGED from [androidx.profileinstaller:profileinstaller:1.4.0] AndroidManifest.xml:17:1-55:12
MERGED from [androidx.startup:startup-runtime:1.1.1] AndroidManifest.xml:17:1-33:12
MERGED from [androidx.tracing:tracing:1.2.0] AndroidManifest.xml:17:1-22:12
MERGED from [androidx.tracing:tracing-ktx:1.2.0] AndroidManifest.xml:17:1-22:12
MERGED from [com.facebook.fresco:ui-core:3.4.0] AndroidManifest.xml:2:1-7:12
MERGED from [com.facebook.react:hermes-android:0.77.2] AndroidManifest.xml:2:1-7:12
MERGED from [androidx.exifinterface:exifinterface:1.3.7] AndroidManifest.xml:17:1-24:12
MERGED from [androidx.cursoradapter:cursoradapter:1.0.0] AndroidManifest.xml:17:1-22:12
MERGED from [androidx.interpolator:interpolator:1.0.0] AndroidManifest.xml:17:1-22:12
MERGED from [androidx.cardview:cardview:1.0.0] AndroidManifest.xml:17:1-22:12
MERGED from [com.github.bumptech.glide:gifdecoder:4.16.0] AndroidManifest.xml:2:1-9:12
MERGED from [androidx.databinding:viewbinding:8.5.1] AndroidManifest.xml:2:1-7:12
MERGED from [com.google.firebase:firebase-components:18.0.0] AndroidManifest.xml:15:1-20:12
MERGED from [com.google.firebase:firebase-datatransport:18.2.0] AndroidManifest.xml:15:1-31:12
MERGED from [com.google.android.datatransport:transport-backend-cct:3.1.9] AndroidManifest.xml:15:1-37:12
MERGED from [com.google.firebase:firebase-encoders-json:18.0.0] AndroidManifest.xml:15:1-23:12
MERGED from [com.google.android.datatransport:transport-runtime:3.1.9] AndroidManifest.xml:15:1-41:12
MERGED from [com.google.android.datatransport:transport-api:3.1.0] AndroidManifest.xml:15:1-20:12
MERGED from [androidx.versionedparcelable:versionedparcelable:1.1.1] AndroidManifest.xml:17:1-27:12
MERGED from [androidx.documentfile:documentfile:1.0.0] AndroidManifest.xml:17:1-22:12
MERGED from [androidx.localbroadcastmanager:localbroadcastmanager:1.0.0] AndroidManifest.xml:17:1-22:12
MERGED from [androidx.print:print:1.0.0] AndroidManifest.xml:17:1-22:12
MERGED from [androidx.arch.core:core-runtime:2.2.0] AndroidManifest.xml:17:1-22:12
MERGED from [androidx.annotation:annotation-experimental:1.4.1] AndroidManifest.xml:2:1-7:12
MERGED from [androidx.core:core-viewtree:1.0.0] AndroidManifest.xml:2:1-7:12
MERGED from [com.facebook.fresco:vito-renderer:3.4.0] AndroidManifest.xml:2:1-7:12
MERGED from [com.facebook.fbjni:fbjni:0.7.0] AndroidManifest.xml:2:1-7:12
MERGED from [com.facebook.soloader:soloader:0.12.1] AndroidManifest.xml:2:1-17:12
MERGED from [com.android.installreferrer:installreferrer:2.2] AndroidManifest.xml:2:1-13:12
MERGED from [me.leolin:ShortcutBadger:1.1.22] AndroidManifest.xml:2:1-52:12
	package
		INJECTED from src\debug\AndroidManifest.xml
	android:versionName
		INJECTED from src\debug\AndroidManifest.xml
	xmlns:tools
		ADDED from src\main\AndroidManifest.xml:1:70-116
	android:versionCode
		INJECTED from src\debug\AndroidManifest.xml
	xmlns:android
		ADDED from src\main\AndroidManifest.xml:1:11-69
uses-permission#android.permission.INTERNET
ADDED from src\main\AndroidManifest.xml:2:3-64
MERGED from [:expo-file-system] AndroidManifest.xml:8:5-67
MERGED from [:expo-file-system] AndroidManifest.xml:8:5-67
MERGED from [com.google.firebase:firebase-installations:17.2.0] AndroidManifest.xml:8:5-67
MERGED from [com.google.firebase:firebase-installations:17.2.0] AndroidManifest.xml:8:5-67
MERGED from [com.google.android.gms:play-services-cloud-messaging:17.2.0] AndroidManifest.xml:8:5-67
MERGED from [com.google.android.gms:play-services-cloud-messaging:17.2.0] AndroidManifest.xml:8:5-67
MERGED from [com.google.android.datatransport:transport-backend-cct:3.1.9] AndroidManifest.xml:25:5-67
MERGED from [com.google.android.datatransport:transport-backend-cct:3.1.9] AndroidManifest.xml:25:5-67
	android:name
		ADDED from src\main\AndroidManifest.xml:2:20-62
uses-permission#android.permission.READ_EXTERNAL_STORAGE
ADDED from src\main\AndroidManifest.xml:3:3-77
MERGED from [:expo-file-system] AndroidManifest.xml:10:5-80
MERGED from [:expo-file-system] AndroidManifest.xml:10:5-80
MERGED from [host.exp.exponent:expo.modules.imagepicker:16.1.4] AndroidManifest.xml:12:5-80
MERGED from [host.exp.exponent:expo.modules.imagepicker:16.1.4] AndroidManifest.xml:12:5-80
	android:name
		ADDED from src\main\AndroidManifest.xml:3:20-75
uses-permission#android.permission.RECORD_AUDIO
ADDED from src\main\AndroidManifest.xml:4:3-68
	android:name
		ADDED from src\main\AndroidManifest.xml:4:20-66
uses-permission#android.permission.SYSTEM_ALERT_WINDOW
ADDED from src\main\AndroidManifest.xml:5:3-75
MERGED from src\main\AndroidManifest.xml:5:3-75
MERGED from src\main\AndroidManifest.xml:5:3-75
MERGED from [com.facebook.react:react-android:0.77.2] AndroidManifest.xml:16:5-78
MERGED from [com.facebook.react:react-android:0.77.2] AndroidManifest.xml:16:5-78
	android:name
		ADDED from src\main\AndroidManifest.xml:5:20-73
uses-permission#android.permission.VIBRATE
ADDED from src\main\AndroidManifest.xml:6:3-63
	android:name
		ADDED from src\main\AndroidManifest.xml:6:20-61
uses-permission#android.permission.WRITE_EXTERNAL_STORAGE
ADDED from src\main\AndroidManifest.xml:7:3-78
MERGED from [:expo-file-system] AndroidManifest.xml:9:5-81
MERGED from [:expo-file-system] AndroidManifest.xml:9:5-81
MERGED from [host.exp.exponent:expo.modules.imagepicker:16.1.4] AndroidManifest.xml:11:5-81
MERGED from [host.exp.exponent:expo.modules.imagepicker:16.1.4] AndroidManifest.xml:11:5-81
	android:name
		ADDED from src\main\AndroidManifest.xml:7:20-76
queries
ADDED from src\main\AndroidManifest.xml:8:3-14:13
MERGED from [:expo-file-system] AndroidManifest.xml:12:5-18:15
MERGED from [:expo-file-system] AndroidManifest.xml:12:5-18:15
MERGED from [host.exp.exponent:expo.modules.imagepicker:16.1.4] AndroidManifest.xml:14:5-25:15
MERGED from [host.exp.exponent:expo.modules.imagepicker:16.1.4] AndroidManifest.xml:14:5-25:15
MERGED from [host.exp.exponent:expo.modules.sharing:13.1.5] AndroidManifest.xml:7:5-15:15
MERGED from [host.exp.exponent:expo.modules.sharing:13.1.5] AndroidManifest.xml:7:5-15:15
MERGED from [host.exp.exponent:expo.modules.webbrowser:14.2.0] AndroidManifest.xml:7:5-13:15
MERGED from [host.exp.exponent:expo.modules.webbrowser:14.2.0] AndroidManifest.xml:7:5-13:15
MERGED from [com.vanniktech:android-image-cropper:4.6.0] AndroidManifest.xml:7:5-18:15
MERGED from [com.vanniktech:android-image-cropper:4.6.0] AndroidManifest.xml:7:5-18:15
intent#action:name:android.intent.action.VIEW+category:name:android.intent.category.BROWSABLE+data:scheme:https
ADDED from src\main\AndroidManifest.xml:9:5-13:14
action#android.intent.action.VIEW
ADDED from src\main\AndroidManifest.xml:10:7-58
	android:name
		ADDED from src\main\AndroidManifest.xml:10:15-56
category#android.intent.category.BROWSABLE
ADDED from src\main\AndroidManifest.xml:11:7-67
	android:name
		ADDED from src\main\AndroidManifest.xml:11:17-65
data
ADDED from src\main\AndroidManifest.xml:12:7-37
	android:scheme
		ADDED from src\main\AndroidManifest.xml:12:13-35
application
ADDED from src\main\AndroidManifest.xml:15:3-31:17
MERGED from src\main\AndroidManifest.xml:15:3-31:17
MERGED from src\main\AndroidManifest.xml:15:3-31:17
INJECTED from src\debug\AndroidManifest.xml:6:5-162
MERGED from [:react-native-community_datetimepicker] AndroidManifest.xml:7:5-20
MERGED from [:react-native-community_datetimepicker] AndroidManifest.xml:7:5-20
MERGED from [:expo-modules-core] AndroidManifest.xml:8:5-16:19
MERGED from [:expo-modules-core] AndroidManifest.xml:8:5-16:19
MERGED from [com.facebook.react:react-android:0.77.2] AndroidManifest.xml:18:5-22:19
MERGED from [com.facebook.react:react-android:0.77.2] AndroidManifest.xml:18:5-22:19
MERGED from [:expo-file-system] AndroidManifest.xml:20:5-31:19
MERGED from [:expo-file-system] AndroidManifest.xml:20:5-31:19
MERGED from [host.exp.exponent:expo.modules.imagepicker:16.1.4] AndroidManifest.xml:27:5-55:19
MERGED from [host.exp.exponent:expo.modules.imagepicker:16.1.4] AndroidManifest.xml:27:5-55:19
MERGED from [host.exp.exponent:expo.modules.notifications:0.31.4] AndroidManifest.xml:10:5-41:19
MERGED from [host.exp.exponent:expo.modules.notifications:0.31.4] AndroidManifest.xml:10:5-41:19
MERGED from [host.exp.exponent:expo.modules.sharing:13.1.5] AndroidManifest.xml:17:5-27:19
MERGED from [host.exp.exponent:expo.modules.sharing:13.1.5] AndroidManifest.xml:17:5-27:19
MERGED from [com.google.firebase:firebase-messaging:24.0.1] AndroidManifest.xml:28:5-64:19
MERGED from [com.google.firebase:firebase-messaging:24.0.1] AndroidManifest.xml:28:5-64:19
MERGED from [com.google.firebase:firebase-installations:17.2.0] AndroidManifest.xml:11:5-22:19
MERGED from [com.google.firebase:firebase-installations:17.2.0] AndroidManifest.xml:11:5-22:19
MERGED from [com.google.firebase:firebase-common-ktx:21.0.0] AndroidManifest.xml:8:5-16:19
MERGED from [com.google.firebase:firebase-common-ktx:21.0.0] AndroidManifest.xml:8:5-16:19
MERGED from [com.google.android.material:material:1.6.1] AndroidManifest.xml:24:5-20
MERGED from [com.google.android.material:material:1.6.1] AndroidManifest.xml:24:5-20
MERGED from [com.vanniktech:android-image-cropper:4.6.0] AndroidManifest.xml:20:5-34:19
MERGED from [com.vanniktech:android-image-cropper:4.6.0] AndroidManifest.xml:20:5-34:19
MERGED from [androidx.constraintlayout:constraintlayout:2.0.1] AndroidManifest.xml:9:5-20
MERGED from [androidx.constraintlayout:constraintlayout:2.0.1] AndroidManifest.xml:9:5-20
MERGED from [com.google.android.gms:play-services-base:18.0.1] AndroidManifest.xml:19:5-23:19
MERGED from [com.google.android.gms:play-services-base:18.0.1] AndroidManifest.xml:19:5-23:19
MERGED from [com.google.firebase:firebase-common:21.0.0] AndroidManifest.xml:22:5-39:19
MERGED from [com.google.firebase:firebase-common:21.0.0] AndroidManifest.xml:22:5-39:19
MERGED from [com.google.firebase:firebase-iid-interop:17.1.0] AndroidManifest.xml:7:5-8:19
MERGED from [com.google.firebase:firebase-iid-interop:17.1.0] AndroidManifest.xml:7:5-8:19
MERGED from [com.google.firebase:firebase-measurement-connector:19.0.0] AndroidManifest.xml:22:5-23:19
MERGED from [com.google.firebase:firebase-measurement-connector:19.0.0] AndroidManifest.xml:22:5-23:19
MERGED from [com.google.android.gms:play-services-stats:17.0.2] AndroidManifest.xml:7:5-20
MERGED from [com.google.android.gms:play-services-stats:17.0.2] AndroidManifest.xml:7:5-20
MERGED from [androidx.emoji2:emoji2:1.3.0] AndroidManifest.xml:23:5-33:19
MERGED from [androidx.emoji2:emoji2:1.3.0] AndroidManifest.xml:23:5-33:19
MERGED from [androidx.core:core:1.16.0] AndroidManifest.xml:28:5-89
MERGED from [androidx.core:core:1.16.0] AndroidManifest.xml:28:5-89
MERGED from [androidx.lifecycle:lifecycle-process:2.6.2] AndroidManifest.xml:23:5-33:19
MERGED from [androidx.lifecycle:lifecycle-process:2.6.2] AndroidManifest.xml:23:5-33:19
MERGED from [com.google.android.gms:play-services-tasks:18.1.0] AndroidManifest.xml:5:5-20
MERGED from [com.google.android.gms:play-services-tasks:18.1.0] AndroidManifest.xml:5:5-20
MERGED from [com.google.android.gms:play-services-basement:18.3.0] AndroidManifest.xml:20:5-24:19
MERGED from [com.google.android.gms:play-services-basement:18.3.0] AndroidManifest.xml:20:5-24:19
MERGED from [androidx.profileinstaller:profileinstaller:1.4.0] AndroidManifest.xml:23:5-53:19
MERGED from [androidx.profileinstaller:profileinstaller:1.4.0] AndroidManifest.xml:23:5-53:19
MERGED from [androidx.startup:startup-runtime:1.1.1] AndroidManifest.xml:25:5-31:19
MERGED from [androidx.startup:startup-runtime:1.1.1] AndroidManifest.xml:25:5-31:19
MERGED from [com.google.firebase:firebase-datatransport:18.2.0] AndroidManifest.xml:21:5-29:19
MERGED from [com.google.firebase:firebase-datatransport:18.2.0] AndroidManifest.xml:21:5-29:19
MERGED from [com.google.android.datatransport:transport-backend-cct:3.1.9] AndroidManifest.xml:27:5-35:19
MERGED from [com.google.android.datatransport:transport-backend-cct:3.1.9] AndroidManifest.xml:27:5-35:19
MERGED from [com.google.android.datatransport:transport-runtime:3.1.9] AndroidManifest.xml:25:5-39:19
MERGED from [com.google.android.datatransport:transport-runtime:3.1.9] AndroidManifest.xml:25:5-39:19
MERGED from [androidx.versionedparcelable:versionedparcelable:1.1.1] AndroidManifest.xml:24:5-25:19
MERGED from [androidx.versionedparcelable:versionedparcelable:1.1.1] AndroidManifest.xml:24:5-25:19
MERGED from [com.facebook.soloader:soloader:0.12.1] AndroidManifest.xml:11:5-15:19
MERGED from [com.facebook.soloader:soloader:0.12.1] AndroidManifest.xml:11:5-15:19
MERGED from [com.android.installreferrer:installreferrer:2.2] AndroidManifest.xml:11:5-20
MERGED from [com.android.installreferrer:installreferrer:2.2] AndroidManifest.xml:11:5-20
	android:extractNativeLibs
		INJECTED from src\debug\AndroidManifest.xml
	android:appComponentFactory
		ADDED from [androidx.core:core:1.16.0] AndroidManifest.xml:28:18-86
	android:supportsRtl
		ADDED from src\main\AndroidManifest.xml:15:221-247
		ADDED from src\main\AndroidManifest.xml:15:221-247
	android:label
		ADDED from src\main\AndroidManifest.xml:15:48-80
		ADDED from src\main\AndroidManifest.xml:15:48-80
	tools:ignore
		ADDED from src\debug\AndroidManifest.xml:6:75-114
	android:roundIcon
		ADDED from src\main\AndroidManifest.xml:15:116-161
		ADDED from src\main\AndroidManifest.xml:15:116-161
	tools:targetApi
		ADDED from src\debug\AndroidManifest.xml:6:54-74
	android:icon
		ADDED from src\main\AndroidManifest.xml:15:81-115
		ADDED from src\main\AndroidManifest.xml:15:81-115
	android:allowBackup
		ADDED from src\main\AndroidManifest.xml:15:162-188
		ADDED from src\main\AndroidManifest.xml:15:162-188
	android:theme
		ADDED from src\main\AndroidManifest.xml:15:189-220
		ADDED from src\main\AndroidManifest.xml:15:189-220
	tools:replace
		ADDED from src\debug\AndroidManifest.xml:6:115-159
	android:usesCleartextTraffic
		ADDED from src\debug\AndroidManifest.xml:6:18-53
	android:name
		ADDED from src\main\AndroidManifest.xml:15:16-47
		ADDED from src\main\AndroidManifest.xml:15:16-47
meta-data#expo.modules.updates.ENABLED
ADDED from src\main\AndroidManifest.xml:16:5-83
	android:value
		ADDED from src\main\AndroidManifest.xml:16:60-81
	android:name
		ADDED from src\main\AndroidManifest.xml:16:16-59
meta-data#expo.modules.updates.EXPO_UPDATES_CHECK_ON_LAUNCH
ADDED from src\main\AndroidManifest.xml:17:5-105
	android:value
		ADDED from src\main\AndroidManifest.xml:17:81-103
	android:name
		ADDED from src\main\AndroidManifest.xml:17:16-80
meta-data#expo.modules.updates.EXPO_UPDATES_LAUNCH_WAIT_MS
ADDED from src\main\AndroidManifest.xml:18:5-99
	android:value
		ADDED from src\main\AndroidManifest.xml:18:80-97
	android:name
		ADDED from src\main\AndroidManifest.xml:18:16-79
activity#com.chroniccoffee.Shifa.MainActivity
ADDED from src\main\AndroidManifest.xml:19:5-30:16
	android:screenOrientation
		ADDED from src\main\AndroidManifest.xml:19:280-316
	android:launchMode
		ADDED from src\main\AndroidManifest.xml:19:135-166
	android:windowSoftInputMode
		ADDED from src\main\AndroidManifest.xml:19:167-209
	android:exported
		ADDED from src\main\AndroidManifest.xml:19:256-279
	android:configChanges
		ADDED from src\main\AndroidManifest.xml:19:44-134
	android:theme
		ADDED from src\main\AndroidManifest.xml:19:210-255
	android:name
		ADDED from src\main\AndroidManifest.xml:19:15-43
intent-filter#action:name:android.intent.action.MAIN+category:name:android.intent.category.LAUNCHER
ADDED from src\main\AndroidManifest.xml:20:7-23:23
action#android.intent.action.MAIN
ADDED from src\main\AndroidManifest.xml:21:9-60
	android:name
		ADDED from src\main\AndroidManifest.xml:21:17-58
category#android.intent.category.LAUNCHER
ADDED from src\main\AndroidManifest.xml:22:9-68
	android:name
		ADDED from src\main\AndroidManifest.xml:22:19-66
intent-filter#action:name:android.intent.action.VIEW+category:name:android.intent.category.BROWSABLE+category:name:android.intent.category.DEFAULT+data:scheme:exp+shifa
ADDED from src\main\AndroidManifest.xml:24:7-29:23
category#android.intent.category.DEFAULT
ADDED from src\main\AndroidManifest.xml:26:9-67
	android:name
		ADDED from src\main\AndroidManifest.xml:26:19-65
uses-sdk
INJECTED from src\debug\AndroidManifest.xml reason: use-sdk injection requested
INJECTED from src\debug\AndroidManifest.xml
INJECTED from src\debug\AndroidManifest.xml
MERGED from [:react-native-gesture-handler] AndroidManifest.xml:5:5-44
MERGED from [:react-native-gesture-handler] AndroidManifest.xml:5:5-44
MERGED from [:react-native-safe-area-context] AndroidManifest.xml:5:5-44
MERGED from [:react-native-safe-area-context] AndroidManifest.xml:5:5-44
MERGED from [:react-native-screens] AndroidManifest.xml:5:5-44
MERGED from [:react-native-screens] AndroidManifest.xml:5:5-44
MERGED from [:react-native-async-storage_async-storage] AndroidManifest.xml:5:5-44
MERGED from [:react-native-async-storage_async-storage] AndroidManifest.xml:5:5-44
MERGED from [:react-native-community_checkbox] AndroidManifest.xml:5:5-44
MERGED from [:react-native-community_checkbox] AndroidManifest.xml:5:5-44
MERGED from [:react-native-community_datetimepicker] AndroidManifest.xml:5:5-44
MERGED from [:react-native-community_datetimepicker] AndroidManifest.xml:5:5-44
MERGED from [:react-native-community_slider] AndroidManifest.xml:5:5-44
MERGED from [:react-native-community_slider] AndroidManifest.xml:5:5-44
MERGED from [:react-native-picker_picker] AndroidManifest.xml:5:5-44
MERGED from [:react-native-picker_picker] AndroidManifest.xml:5:5-44
MERGED from [:expo] AndroidManifest.xml:5:5-44
MERGED from [:expo] AndroidManifest.xml:5:5-44
MERGED from [:react-native-svg] AndroidManifest.xml:5:5-44
MERGED from [:react-native-svg] AndroidManifest.xml:5:5-44
MERGED from [:react-native-vector-icons] AndroidManifest.xml:5:5-44
MERGED from [:react-native-vector-icons] AndroidManifest.xml:5:5-44
MERGED from [:expo-modules-core] AndroidManifest.xml:6:5-44
MERGED from [:expo-modules-core] AndroidManifest.xml:6:5-44
MERGED from [host.exp.exponent:expo.modules.font:13.3.1] AndroidManifest.xml:5:5-44
MERGED from [host.exp.exponent:expo.modules.font:13.3.1] AndroidManifest.xml:5:5-44
MERGED from [com.facebook.react:react-android:0.77.2] AndroidManifest.xml:10:5-44
MERGED from [com.facebook.react:react-android:0.77.2] AndroidManifest.xml:10:5-44
MERGED from [:expo-constants] AndroidManifest.xml:5:5-44
MERGED from [:expo-constants] AndroidManifest.xml:5:5-44
MERGED from [:expo-file-system] AndroidManifest.xml:6:5-44
MERGED from [:expo-file-system] AndroidManifest.xml:6:5-44
MERGED from [:expo-image-loader] AndroidManifest.xml:5:5-44
MERGED from [:expo-image-loader] AndroidManifest.xml:5:5-44
MERGED from [host.exp.exponent:expo.modules.application:6.1.5] AndroidManifest.xml:5:5-44
MERGED from [host.exp.exponent:expo.modules.application:6.1.5] AndroidManifest.xml:5:5-44
MERGED from [expo.modules.asset:expo.modules.asset:11.1.5] AndroidManifest.xml:5:5-44
MERGED from [expo.modules.asset:expo.modules.asset:11.1.5] AndroidManifest.xml:5:5-44
MERGED from [host.exp.exponent:expo.modules.crypto:14.1.5] AndroidManifest.xml:5:5-44
MERGED from [host.exp.exponent:expo.modules.crypto:14.1.5] AndroidManifest.xml:5:5-44
MERGED from [host.exp.exponent:expo.modules.imagepicker:16.1.4] AndroidManifest.xml:6:5-44
MERGED from [host.exp.exponent:expo.modules.imagepicker:16.1.4] AndroidManifest.xml:6:5-44
MERGED from [host.exp.exponent:expo.modules.keepawake:14.1.4] AndroidManifest.xml:5:5-44
MERGED from [host.exp.exponent:expo.modules.keepawake:14.1.4] AndroidManifest.xml:5:5-44
MERGED from [host.exp.exponent:expo.modules.linking:7.1.7] AndroidManifest.xml:5:5-44
MERGED from [host.exp.exponent:expo.modules.linking:7.1.7] AndroidManifest.xml:5:5-44
MERGED from [host.exp.exponent:expo.modules.notifications:0.31.4] AndroidManifest.xml:5:5-44
MERGED from [host.exp.exponent:expo.modules.notifications:0.31.4] AndroidManifest.xml:5:5-44
MERGED from [host.exp.exponent:expo.modules.sharing:13.1.5] AndroidManifest.xml:5:5-44
MERGED from [host.exp.exponent:expo.modules.sharing:13.1.5] AndroidManifest.xml:5:5-44
MERGED from [host.exp.exponent:expo.modules.webbrowser:14.2.0] AndroidManifest.xml:5:5-44
MERGED from [host.exp.exponent:expo.modules.webbrowser:14.2.0] AndroidManifest.xml:5:5-44
MERGED from [com.google.firebase:firebase-messaging:24.0.1] AndroidManifest.xml:20:5-44
MERGED from [com.google.firebase:firebase-messaging:24.0.1] AndroidManifest.xml:20:5-44
MERGED from [com.google.firebase:firebase-installations:17.2.0] AndroidManifest.xml:5:5-44
MERGED from [com.google.firebase:firebase-installations:17.2.0] AndroidManifest.xml:5:5-44
MERGED from [com.google.firebase:firebase-common-ktx:21.0.0] AndroidManifest.xml:5:5-44
MERGED from [com.google.firebase:firebase-common-ktx:21.0.0] AndroidManifest.xml:5:5-44